2024-11-25 23:23:08,983 - INFO - Iniciando búsqueda con keywords: Terremoto, Japon, Tsunami
2024-11-25 23:23:08,983 - INFO - URL: https://v3-api.newscatcherapi.com/api/search
2024-11-25 23:23:08,984 - INFO - Headers: {'x-api-token': '7m2um9vc5JcC3RItkT15p9aIExaGkVuXBLOKgyKDTfU'}
2024-11-25 23:23:08,984 - INFO - Params: {'q': 'Terremoto OR  Japon OR  Tsunami', 'lang': 'es', 'page_size': 20, 'sort_by': 'relevancy'}
2024-11-25 23:23:09,650 - INFO - Status Code: 401
2024-11-25 23:23:09,650 - INFO - Response Text: {"message":"Invalid api key: 7m2um9vc5JcC3RItkT15p9aIExaGkVuXBLOKgyKDTfU","status_code":401,"status":"Unauthorized"}...
2024-11-25 23:23:09,653 - ERROR - Error en la API: 401 - {"message":"Invalid api key: 7m2um9vc5JcC3RItkT15p9aIExaGkVuXBLOKgyKDTfU","status_code":401,"status":"Unauthorized"}
2024-11-25 23:34:14,925 - INFO - Iniciando script con keywords=Terremoto, Temblor, Chile, months=12
2024-11-25 23:34:14,925 - INFO - Iniciando búsqueda con keywords: Terremoto, Temblor, Chile
2024-11-25 23:34:14,925 - INFO - Parámetros: {'q': 'Terremoto OR  Temblor OR  Chile', 'lang': 'es', 'page_size': 20, 'sort_by': 'relevancy', 'from_': '2023/12/01', 'search_in': 'title,summary'}
2024-11-25 23:34:15,293 - INFO - Status Code: 406
2024-11-25 23:34:15,294 - ERROR - Error en la API: 406 - {"status":"error","error_code":"UnsupportedParameter","message":"Found unsupported parameter(s)['from_']. Here are the parameters available for you plan => ['q', 'from', 'to', 'lang', 'not_lang', 'search_in', 'countries', 'not_countries', 'topic', 'sources', 'not_sources', 'sort_by', 'ranked_only', 'from_rank', 'to_rank', 'page', 'page_size', 'published_date_precision', 'author', 'author_null', 'outlet_name', 'enable_parse_date', 'enable_full_semantics', 'is_opinion', 'aggregation_by', 'is_republisher']"}

2024-11-25 23:36:10,506 - INFO - Iniciando script con keywords=Terremoto, Chile, months=12
2024-11-25 23:36:10,507 - INFO - Iniciando búsqueda con keywords: Terremoto, Chile
2024-11-25 23:36:10,507 - INFO - Parámetros: {'q': 'Terremoto OR  Chile', 'lang': 'es', 'page_size': 20, 'sort_by': 'relevancy', 'from': '2023/12/01', 'search_in': 'title,summary', 'page': 1, 'enable_full_semantics': True}
2024-11-25 23:36:10,700 - INFO - Status Code: 406
2024-11-25 23:36:10,701 - ERROR - Error en la API: 406 - {"status":"error","error_code":"WrongParameter","message":"[search_in] parameter should be 'title', 'summary', or 'title_summary'"}

2024-11-25 23:36:39,520 - INFO - Iniciando script con keywords=Terremoto, Chile, months=12
2024-11-25 23:36:39,520 - INFO - Iniciando búsqueda con keywords: Terremoto, Chile
2024-11-25 23:36:39,520 - INFO - Parámetros: {'q': 'Terremoto OR  Chile', 'lang': 'es', 'page_size': 20, 'sort_by': 'relevancy', 'from': '2023/12/01', 'search_in': 'title_summary', 'page': 1, 'enable_full_semantics': True}
2024-11-25 23:36:41,601 - INFO - Status Code: 200
2024-11-25 23:36:41,603 - INFO - Artículos encontrados: 20
2024-11-25 23:36:41,603 - INFO - Procesado artículo: Temblor de 4.2 de magnitud se siente en la ciudad ...
2024-11-25 23:36:41,604 - INFO - Procesado artículo: Nuevo sismo sacude a Chile: magnitud 4.0 en Socair...
2024-11-25 23:36:41,604 - INFO - Procesado artículo: Tiembla en Chile: sismo de magnitud 4.3 con epicen...
2024-11-25 23:36:41,604 - INFO - Procesado artículo: La ciudad de Alto Hospicio registra sismo de magni...
2024-11-25 23:36:41,604 - INFO - Procesado artículo: Temblor de 4.1 de magnitud sacude a la ciudad de V...
2024-11-25 23:36:41,604 - INFO - Procesado artículo: Se siente sismo de magnitud 4.2 en la ciudad de Ba...
2024-11-25 23:36:41,605 - INFO - Procesado artículo: Temblor en Chile en vivo hoy  lunes 15 de julio: h...
2024-11-25 23:36:41,605 - INFO - Procesado artículo: La ciudad de Socaire siente temblor de magnitud 4....
2024-11-25 23:36:41,605 - INFO - Procesado artículo: Chile: se registra sismo de magnitud 4.2 en Calama...
2024-11-25 23:36:41,605 - INFO - Procesado artículo: La ciudad de Socaire siente temblor de magnitud 4....
2024-11-25 23:36:41,605 - INFO - Procesado artículo: La ciudad de Socaire percibe temblor de magnitud 4...
2024-11-25 23:36:41,605 - INFO - Procesado artículo: La ciudad de Calama registra temblor de magnitud 4...
2024-11-25 23:36:41,605 - INFO - Procesado artículo: Se percibe sismo de magnitud 4.0 en la ciudad de S...
2024-11-25 23:36:41,605 - INFO - Procesado artículo: Nuevo sismo sacude a Chile: magnitud 4.1 en Tierra...
2024-11-25 23:36:41,605 - INFO - Procesado artículo: Se registra sismo de magnitud 4.1 en la ciudad de ...
2024-11-25 23:36:41,606 - INFO - Procesado artículo: Tiembla en Chile: sismo de 4.0 de magnitud...
2024-11-25 23:36:41,606 - INFO - Procesado artículo: La ciudad de Lebu registra sismo de magnitud 4.7...
2024-11-25 23:36:41,606 - INFO - Procesado artículo: Tiembla en Chile: sismo de 4.0 de magnitud en Toco...
2024-11-25 23:36:41,606 - INFO - Procesado artículo: Temblor en Chile: sismo de magnitud 4.0 con epicen...
2024-11-25 23:36:41,606 - INFO - Procesado artículo: Temblor en Chile en vivo hoy  miércoles 17 de juli...
